<?xml version="1.0" encoding="UTF-8" standalone="yes"?><!DOCTYPE report PUBLIC "-//JACOCO//DTD Report 1.1//EN" "report.dtd"><report name="seh-students"><sessioninfo id="localhost.localdomain-a3df659b" start="1718512698999" dump="1718512700551"/><package name="com/seh/model"><class name="com/seh/model/Student" sourcefilename="Student.java"><method name="getStudent_name" desc="()Ljava/lang/String;" line="37"><counter type="INSTRUCTION" missed="0" covered="3"/><counter type="LINE" missed="0" covered="1"/><counter type="COMPLEXITY" missed="0" covered="1"/><counter type="METHOD" missed="0" covered="1"/></method><method name="setStudent_name" desc="(Ljava/lang/String;)V" line="40"><counter type="INSTRUCTION" missed="0" covered="4"/><counter type="LINE" missed="0" covered="2"/><counter type="COMPLEXITY" missed="0" covered="1"/><counter type="METHOD" missed="0" covered="1"/></method><method name="getStudent_password" desc="()Ljava/lang/String;" line="43"><counter type="INSTRUCTION" missed="3" covered="0"/><counter type="LINE" missed="1" covered="0"/><counter type="COMPLEXITY" missed="1" covered="0"/><counter type="METHOD" missed="1" covered="0"/></method><method name="setStudent_password" desc="(Ljava/lang/String;)V" line="46"><counter type="INSTRUCTION" missed="4" covered="0"/><counter type="LINE" missed="2" covered="0"/><counter type="COMPLEXITY" missed="1" covered="0"/><counter type="METHOD" missed="1" covered="0"/></method><method name="getStudent_mobile" desc="()Ljava/lang/String;" line="49"><counter type="INSTRUCTION" missed="3" covered="0"/><counter type="LINE" missed="1" covered="0"/><counter type="COMPLEXITY" missed="1" covered="0"/><counter type="METHOD" missed="1" covered="0"/></method><method name="setStudent_mobile" desc="(Ljava/lang/String;)V" line="52"><counter type="INSTRUCTION" missed="4" covered="0"/><counter type="LINE" missed="2" covered="0"/><counter type="COMPLEXITY" missed="1" covered="0"/><counter type="METHOD" missed="1" covered="0"/></method><method name="getStudent_email" desc="()Ljava/lang/String;" line="55"><counter type="INSTRUCTION" missed="3" covered="0"/><counter type="LINE" missed="1" covered="0"/><counter type="COMPLEXITY" missed="1" covered="0"/><counter type="METHOD" missed="1" covered="0"/></method><method name="setStudent_email" desc="(Ljava/lang/String;)V" line="58"><counter type="INSTRUCTION" missed="4" covered="0"/><counter type="LINE" missed="2" covered="0"/><counter type="COMPLEXITY" missed="1" covered="0"/><counter type="METHOD" missed="1" covered="0"/></method><method name="&lt;init&gt;" desc="(Ljava/lang/Long;Ljava/lang/String;Ljava/lang/String;Ljava/lang/String;Ljava/lang/String;)V" line="61"><counter type="INSTRUCTION" missed="18" covered="0"/><counter type="LINE" missed="7" covered="0"/><counter type="COMPLEXITY" missed="1" covered="0"/><counter type="METHOD" missed="1" covered="0"/></method><method name="&lt;init&gt;" desc="()V" line="68"><counter type="INSTRUCTION" missed="0" covered="3"/><counter type="LINE" missed="0" covered="2"/><counter type="COMPLEXITY" missed="0" covered="1"/><counter type="METHOD" missed="0" covered="1"/></method><method name="toString" desc="()Ljava/lang/String;" line="73"><counter type="INSTRUCTION" missed="12" covered="0"/><counter type="LINE" missed="1" covered="0"/><counter type="COMPLEXITY" missed="1" covered="0"/><counter type="METHOD" missed="1" covered="0"/></method><counter type="INSTRUCTION" missed="51" covered="10"/><counter type="LINE" missed="17" covered="5"/><counter type="COMPLEXITY" missed="8" covered="3"/><counter type="METHOD" missed="8" covered="3"/><counter type="CLASS" missed="0" covered="1"/></class><sourcefile name="Student.java"><line nr="37" mi="0" ci="3" mb="0" cb="0"/><line nr="40" mi="0" ci="3" mb="0" cb="0"/><line nr="41" mi="0" ci="1" mb="0" cb="0"/><line nr="43" mi="3" ci="0" mb="0" cb="0"/><line nr="46" mi="3" ci="0" mb="0" cb="0"/><line nr="47" mi="1" ci="0" mb="0" cb="0"/><line nr="49" mi="3" ci="0" mb="0" cb="0"/><line nr="52" mi="3" ci="0" mb="0" cb="0"/><line nr="53" mi="1" ci="0" mb="0" cb="0"/><line nr="55" mi="3" ci="0" mb="0" cb="0"/><line nr="58" mi="3" ci="0" mb="0" cb="0"/><line nr="59" mi="1" ci="0" mb="0" cb="0"/><line nr="61" mi="2" ci="0" mb="0" cb="0"/><line nr="62" mi="3" ci="0" mb="0" cb="0"/><line nr="63" mi="3" ci="0" mb="0" cb="0"/><line nr="64" mi="3" ci="0" mb="0" cb="0"/><line nr="65" mi="3" ci="0" mb="0" cb="0"/><line nr="66" mi="3" ci="0" mb="0" cb="0"/><line nr="67" mi="1" ci="0" mb="0" cb="0"/><line nr="68" mi="0" ci="2" mb="0" cb="0"/><line nr="70" mi="0" ci="1" mb="0" cb="0"/><line nr="73" mi="12" ci="0" mb="0" cb="0"/><counter type="INSTRUCTION" missed="51" covered="10"/><counter type="LINE" missed="17" covered="5"/><counter type="COMPLEXITY" missed="8" covered="3"/><counter type="METHOD" missed="8" covered="3"/><counter type="CLASS" missed="0" covered="1"/></sourcefile><counter type="INSTRUCTION" missed="51" covered="10"/><counter type="LINE" missed="17" covered="5"/><counter type="COMPLEXITY" missed="8" covered="3"/><counter type="METHOD" missed="8" covered="3"/><counter type="CLASS" missed="0" covered="1"/></package><package name="com/seh"><class name="com/seh/SehStudentsApplication" sourcefilename="SehStudentsApplication.java"><method name="&lt;init&gt;" desc="()V" line="7"><counter type="INSTRUCTION" missed="3" covered="0"/><counter type="LINE" missed="1" covered="0"/><counter type="COMPLEXITY" missed="1" covered="0"/><counter type="METHOD" missed="1" covered="0"/></method><method name="main" desc="([Ljava/lang/String;)V" line="10"><counter type="INSTRUCTION" missed="5" covered="0"/><counter type="LINE" missed="2" covered="0"/><counter type="COMPLEXITY" missed="1" covered="0"/><counter type="METHOD" missed="1" covered="0"/></method><counter type="INSTRUCTION" missed="8" covered="0"/><counter type="LINE" missed="3" covered="0"/><counter type="COMPLEXITY" missed="2" covered="0"/><counter type="METHOD" missed="2" covered="0"/><counter type="CLASS" missed="1" covered="0"/></class><sourcefile name="SehStudentsApplication.java"><line nr="7" mi="3" ci="0" mb="0" cb="0"/><line nr="10" mi="4" ci="0" mb="0" cb="0"/><line nr="11" mi="1" ci="0" mb="0" cb="0"/><counter type="INSTRUCTION" missed="8" covered="0"/><counter type="LINE" missed="3" covered="0"/><counter type="COMPLEXITY" missed="2" covered="0"/><counter type="METHOD" missed="2" covered="0"/><counter type="CLASS" missed="1" covered="0"/></sourcefile><counter type="INSTRUCTION" missed="8" covered="0"/><counter type="LINE" missed="3" covered="0"/><counter type="COMPLEXITY" missed="2" covered="0"/><counter type="METHOD" missed="2" covered="0"/><counter type="CLASS" missed="1" covered="0"/></package><package name="com/seh/repository"><class name="com/seh/repository/StudentRepository" sourcefilename="StudentRepository.java"/><sourcefile name="StudentRepository.java"/></package><package name="com/seh/config"><class name="com/seh/config/CorpsConfig" sourcefilename="CorpsConfig.java"><method name="&lt;init&gt;" desc="()V" line="11"><counter type="INSTRUCTION" missed="3" covered="0"/><counter type="LINE" missed="1" covered="0"/><counter type="COMPLEXITY" missed="1" covered="0"/><counter type="METHOD" missed="1" covered="0"/></method><method name="addCorsMappings" desc="(Lorg/springframework/web/servlet/config/annotation/CorsRegistry;)V" line="15"><counter type="INSTRUCTION" missed="33" covered="0"/><counter type="LINE" missed="5" covered="0"/><counter type="COMPLEXITY" missed="1" covered="0"/><counter type="METHOD" missed="1" covered="0"/></method><counter type="INSTRUCTION" missed="36" covered="0"/><counter type="LINE" missed="6" covered="0"/><counter type="COMPLEXITY" missed="2" covered="0"/><counter type="METHOD" missed="2" covered="0"/><counter type="CLASS" missed="1" covered="0"/></class><sourcefile name="CorpsConfig.java"><line nr="11" mi="3" ci="0" mb="0" cb="0"/><line nr="15" mi="9" ci="0" mb="0" cb="0"/><line nr="16" mi="2" ci="0" mb="0" cb="0"/><line nr="17" mi="19" ci="0" mb="0" cb="0"/><line nr="18" mi="2" ci="0" mb="0" cb="0"/><line nr="19" mi="1" ci="0" mb="0" cb="0"/><counter type="INSTRUCTION" missed="36" covered="0"/><counter type="LINE" missed="6" covered="0"/><counter type="COMPLEXITY" missed="2" covered="0"/><counter type="METHOD" missed="2" covered="0"/><counter type="CLASS" missed="1" covered="0"/></sourcefile><counter type="INSTRUCTION" missed="36" covered="0"/><counter type="LINE" missed="6" covered="0"/><counter type="COMPLEXITY" missed="2" covered="0"/><counter type="METHOD" missed="2" covered="0"/><counter type="CLASS" missed="1" covered="0"/></package><package name="com/seh/controller"><class name="com/seh/controller/StudentController" sourcefilename="StudentController.java"><method name="&lt;init&gt;" desc="()V" line="23"><counter type="INSTRUCTION" missed="0" covered="3"/><counter type="LINE" missed="0" covered="1"/><counter type="COMPLEXITY" missed="0" covered="1"/><counter type="METHOD" missed="0" covered="1"/></method><method name="enrollStudent" desc="(Lcom/seh/model/Student;)Lcom/seh/model/Student;" line="30"><counter type="INSTRUCTION" missed="0" covered="7"/><counter type="LINE" missed="0" covered="2"/><counter type="COMPLEXITY" missed="0" covered="1"/><counter type="METHOD" missed="0" covered="1"/></method><method name="getAllEmployees" desc="()Lorg/springframework/http/ResponseEntity;" line="40"><counter type="INSTRUCTION" missed="0" covered="19"/><counter type="LINE" missed="0" covered="3"/><counter type="COMPLEXITY" missed="0" covered="1"/><counter type="METHOD" missed="0" covered="1"/></method><counter type="INSTRUCTION" missed="0" covered="29"/><counter type="LINE" missed="0" covered="6"/><counter type="COMPLEXITY" missed="0" covered="3"/><counter type="METHOD" missed="0" covered="3"/><counter type="CLASS" missed="0" covered="1"/></class><sourcefile name="StudentController.java"><line nr="23" mi="0" ci="3" mb="0" cb="0"/><line nr="30" mi="0" ci="5" mb="0" cb="0"/><line nr="31" mi="0" ci="2" mb="0" cb="0"/><line nr="40" mi="0" ci="4" mb="0" cb="0"/><line nr="41" mi="0" ci="9" mb="0" cb="0"/><line nr="42" mi="0" ci="6" mb="0" cb="0"/><counter type="INSTRUCTION" missed="0" covered="29"/><counter type="LINE" missed="0" covered="6"/><counter type="COMPLEXITY" missed="0" covered="3"/><counter type="METHOD" missed="0" covered="3"/><counter type="CLASS" missed="0" covered="1"/></sourcefile><counter type="INSTRUCTION" missed="0" covered="29"/><counter type="LINE" missed="0" covered="6"/><counter type="COMPLEXITY" missed="0" covered="3"/><counter type="METHOD" missed="0" covered="3"/><counter type="CLASS" missed="0" covered="1"/></package><counter type="INSTRUCTION" missed="95" covered="39"/><counter type="LINE" missed="26" covered="11"/><counter type="COMPLEXITY" missed="12" covered="6"/><counter type="METHOD" missed="12" covered="6"/><counter type="CLASS" missed="2" covered="2"/></report>